# JRE version: OpenJDK Runtime Environment (7.0_91-b02) (build 1.7.0_91-b02)
# Java VM: OpenJDK Server VM (24.91-b01 mixed mode linux-x86 )
Heap
 PSYoungGen      total 90368K, used 90160K [0xa5740000, 0xb0200000, 0xb0200000)
  eden space 90112K, 100% used [0xa5740000,0xaaf40000,0xaaf40000)
  from space 256K, 18% used [0xb0180000,0xb018c000,0xb01c0000)
  to   space 256K, 0% used [0xb01c0000,0xb01c0000,0xb0200000)
 ParOldGen       total 48640K, used 48203K [0x90200000, 0x93180000, 0xa5740000)
  object space 48640K, 99% used [0x90200000,0x93112f90,0x93180000)
 PSPermGen       total 42752K, used 24270K [0x88200000, 0x8abc0000, 0x90200000)
  object space 42752K, 56% used [0x88200000,0x899b3a38,0x8abc0000)
GC Heap History (10 events):
Event: 12028.370 GC heap before
{Heap before GC invocations=1457 (full 4):
 PSYoungGen      total 57600K, used 57376K [0xa5740000, 0xb0200000, 0xb0200000)
  eden space 57344K, 100% used [0xa5740000,0xa8f40000,0xa8f40000)
  from space 256K, 12% used [0xb01c0000,0xb01c8000,0xb0200000)
  to   space 256K, 0% used [0xb0180000,0xb0180000,0xb01c0000)
 ParOldGen       total 48640K, used 48111K [0x90200000, 0x93180000, 0xa5740000)
  object space 48640K, 98% used [0x90200000,0x930fbf90,0x93180000)
 PSPermGen       total 42752K, used 24270K [0x88200000, 0x8abc0000, 0x90200000)
  object space 42752K, 56% used [0x88200000,0x899b3a38,0x8abc0000)
Event: 12028.376 GC heap after
Heap after GC invocations=1457 (full 4):
 PSYoungGen      total 55296K, used 64K [0xa5740000, 0xb0200000, 0xb0200000)
  eden space 55040K, 0% used [0xa5740000,0xa5740000,0xa8d00000)
  from space 256K, 25% used [0xb0180000,0xb0190000,0xb01c0000)
  to   space 256K, 0% used [0xb01c0000,0xb01c0000,0xb0200000)
 ParOldGen       total 48640K, used 48135K [0x90200000, 0x93180000, 0xa5740000)
  object space 48640K, 98% used [0x90200000,0x93101f90,0x93180000)
 PSPermGen       total 42752K, used 24270K [0x88200000, 0x8abc0000, 0x90200000)
  object space 42752K, 56% used [0x88200000,0x899b3a38,0x8abc0000)
}
Event: 12028.973 GC heap before
{Heap before GC invocations=1458 (full 4):
 PSYoungGen      total 55296K, used 55104K [0xa5740000, 0xb0200000, 0xb0200000)
  eden space 55040K, 100% used [0xa5740000,0xa8d00000,0xa8d00000)
  from space 256K, 25% used [0xb0180000,0xb0190000,0xb01c0000)
  to   space 256K, 0% used [0xb01c0000,0xb01c0000,0xb0200000)
 ParOldGen       total 48640K, used 48135K [0x90200000, 0x93180000, 0xa5740000)
  object space 48640K, 98% used [0x90200000,0x93101f90,0x93180000)
 PSPermGen       total 42752K, used 24270K [0x88200000, 0x8abc0000, 0x90200000)
  object space 42752K, 56% used [0x88200000,0x899b3a38,0x8abc0000)
Event: 12028.979 GC heap after
Heap after GC invocations=1458 (full 4):
 PSYoungGen      total 52992K, used 32K [0xa5740000, 0xb0200000, 0xb0200000)
  eden space 52736K, 0% used [0xa5740000,0xa5740000,0xa8ac0000)
  from space 256K, 12% used [0xb01c0000,0xb01c8000,0xb0200000)
  to   space 256K, 0% used [0xb0180000,0xb0180000,0xb01c0000)
 ParOldGen       total 48640K, used 48151K [0x90200000, 0x93180000, 0xa5740000)
  object space 48640K, 98% used [0x90200000,0x93105f90,0x93180000)
 PSPermGen       total 42752K, used 24270K [0x88200000, 0x8abc0000, 0x90200000)
  object space 42752K, 56% used [0x88200000,0x899b3a38,0x8abc0000)
}
Event: 12029.532 GC heap before
{Heap before GC invocations=1459 (full 4):
 PSYoungGen      total 52992K, used 52768K [0xa5740000, 0xb0200000, 0xb0200000)
  eden space 52736K, 100% used [0xa5740000,0xa8ac0000,0xa8ac0000)
  from space 256K, 12% used [0xb01c0000,0xb01c8000,0xb0200000)
  to   space 256K, 0% used [0xb0180000,0xb0180000,0xb01c0000)
 ParOldGen       total 48640K, used 48151K [0x90200000, 0x93180000, 0xa5740000)
  object space 48640K, 98% used [0x90200000,0x93105f90,0x93180000)
 PSPermGen       total 42752K, used 24270K [0x88200000, 0x8abc0000, 0x90200000)
  object space 42752K, 56% used [0x88200000,0x899b3a38,0x8abc0000)
Event: 12029.544 GC heap after
Heap after GC invocations=1459 (full 4):
 PSYoungGen      total 63488K, used 32K [0xa5740000, 0xb0200000, 0xb0200000)
  eden space 63232K, 0% used [0xa5740000,0xa5740000,0xa9500000)
  from space 256K, 12% used [0xb0180000,0xb0188000,0xb01c0000)
  to   space 256K, 0% used [0xb01c0000,0xb01c0000,0xb0200000)
 ParOldGen       total 48640K, used 48167K [0x90200000, 0x93180000, 0xa5740000)
  object space 48640K, 99% used [0x90200000,0x93109f90,0x93180000)
 PSPermGen       total 42752K, used 24270K [0x88200000, 0x8abc0000, 0x90200000)
  object space 42752K, 56% used [0x88200000,0x899b3a38,0x8abc0000)
}
Event: 12030.292 GC heap before
{Heap before GC invocations=1460 (full 4):
 PSYoungGen      total 63488K, used 63264K [0xa5740000, 0xb0200000, 0xb0200000)
  eden space 63232K, 100% used [0xa5740000,0xa9500000,0xa9500000)
  from space 256K, 12% used [0xb0180000,0xb0188000,0xb01c0000)
  to   space 256K, 0% used [0xb01c0000,0xb01c0000,0xb0200000)
 ParOldGen       total 48640K, used 48167K [0x90200000, 0x93180000, 0xa5740000)
  object space 48640K, 99% used [0x90200000,0x93109f90,0x93180000)
 PSPermGen       total 42752K, used 24270K [0x88200000, 0x8abc0000, 0x90200000)
  object space 42752K, 56% used [0x88200000,0x899b3a38,0x8abc0000)
Event: 12030.299 GC heap after
Heap after GC invocations=1460 (full 4):
 PSYoungGen      total 75776K, used 48K [0xa5740000, 0xb0200000, 0xb0200000)
  eden space 75520K, 0% used [0xa5740000,0xa5740000,0xaa100000)
  from space 256K, 18% used [0xb01c0000,0xb01cc000,0xb0200000)
  to   space 256K, 0% used [0xb0180000,0xb0180000,0xb01c0000)
 ParOldGen       total 48640K, used 48183K [0x90200000, 0x93180000, 0xa5740000)
  object space 48640K, 99% used [0x90200000,0x9310df90,0x93180000)
 PSPermGen       total 42752K, used 24270K [0x88200000, 0x8abc0000, 0x90200000)
  object space 42752K, 56% used [0x88200000,0x899b3a38,0x8abc0000)
}
Event: 12031.262 GC heap before
{Heap before GC invocations=1461 (full 4):
 PSYoungGen      total 75776K, used 75568K [0xa5740000, 0xb0200000, 0xb0200000)
  eden space 75520K, 100% used [0xa5740000,0xaa100000,0xaa100000)
  from space 256K, 18% used [0xb01c0000,0xb01cc000,0xb0200000)
  to   space 256K, 0% used [0xb0180000,0xb0180000,0xb01c0000)
 ParOldGen       total 48640K, used 48183K [0x90200000, 0x93180000, 0xa5740000)
  object space 48640K, 99% used [0x90200000,0x9310df90,0x93180000)
 PSPermGen       total 42752K, used 24270K [0x88200000, 0x8abc0000, 0x90200000)
  object space 42752K, 56% used [0x88200000,0x899b3a38,0x8abc0000)
Event: 12031.284 GC heap after
Heap after GC invocations=1461 (full 4):
 PSYoungGen      total 90368K, used 48K [0xa5740000, 0xb0200000, 0xb0200000)
  eden space 90112K, 0% used [0xa5740000,0xa5740000,0xaaf40000)
  from space 256K, 18% used [0xb0180000,0xb018c000,0xb01c0000)
  to   space 256K, 0% used [0xb01c0000,0xb01c0000,0xb0200000)
 ParOldGen       total 48640K, used 48203K [0x90200000, 0x93180000, 0xa5740000)
  object space 48640K, 99% used [0x90200000,0x93112f90,0x93180000)
 PSPermGen       total 42752K, used 24270K [0x88200000, 0x8abc0000, 0x90200000)
  object space 42752K, 56% used [0x88200000,0x899b3a38,0x8abc0000)
}

